
2024/04/22 15:04:09 a10 :  miss
2024/04/22 15:04:14 c10 :  miss
2024/04/22 15:04:24 e10 :  miss
2024/04/22 15:04:31 g10 :  hit
2024/04/22 15:04:37 h10 :  miss
2024/04/22 15:04:43 f10 :  miss
2024/04/22 15:04:49 h9 :  miss
2024/04/22 15:04:55 g9 :  sunk
2024/04/22 15:05:16 g8 :  miss
2024/04/22 15:07:23 a10 :  miss
2024/04/22 15:07:27 c10 :  hit
2024/04/22 15:07:30 b10 :  sunk
2024/04/22 15:07:34 e10 :  miss
2024/04/22 15:07:36 f10 :  miss
2024/04/22 15:07:39 g10 :  hit
2024/04/22 15:13:51 ~~~~~~~~New game~~~~~~~~
2024/04/22 15:14:03 ~~~~~~~~New game~~~~~~~~
2024/04/22 15:14:26 ~~~~~~~~New game~~~~~~~~
2024/04/22 15:14:43 ~~~~~~~~New game~~~~~~~~
2024/04/22 15:15:38 ~~~~~~~~New game~~~~~~~~
2024/04/22 15:17:14 ~~~~~~~~New game~~~~~~~~
2024/04/22 15:18:54 ~~~~~~~~New game~~~~~~~~
2024/04/22 15:18:58 a10 :  hit
2024/04/22 15:19:01 b10 :  miss
2024/04/22 15:19:03 a9 :  sunk
2024/04/22 15:19:07 a7 :  miss
2024/04/22 15:19:09 problem firing:  400
2024/04/22 15:19:09 a 5 :  
2024/04/22 15:19:09 wrong coords?
2024/04/22 15:19:11 a5 :  miss
2024/04/22 15:19:14 a3 :  miss
2024/04/22 15:19:16 a1 :  miss
2024/04/22 15:19:20 j10 :  miss
2024/04/22 15:19:59 d10 :  miss
2024/04/22 15:20:02 c10 :  hit
2024/04/22 15:20:04 c9 :  sunk
2024/04/22 15:20:13 c8 :  miss
2024/04/22 15:20:17 a8 :  miss
2024/04/22 15:20:21 f10 :  miss
2024/04/22 15:20:24 problem firing:  400
2024/04/22 15:20:24 fi :  
2024/04/22 15:20:24 wrong coords?
2024/04/22 15:20:28 i10 :  miss
2024/04/22 15:20:31 i9 :  miss
2024/04/22 15:20:46 g10 :  miss
2024/04/22 15:20:54 g10 :  miss
2024/04/22 15:20:57 g10 :  miss
2024/04/22 15:21:00 g9 :  miss
2024/04/22 15:21:03 h10 :  miss
2024/04/22 15:21:08 h5 :  miss
2024/04/22 15:21:12 e5 :  miss
2024/04/22 15:21:15 j10 :  miss
2024/04/22 15:21:17 j8 :  miss
2024/04/22 15:21:21 f7 :  miss
2024/04/22 15:21:26 h8 :  miss
2024/04/22 15:21:32 problem firing:  400
2024/04/22 15:21:32 2e :  
2024/04/22 15:21:32 wrong coords?
2024/04/22 15:21:35 e2 :  miss
2024/04/25 10:27:45 ~~~~~~~~New game~~~~~~~~
2024/04/25 10:27:49 A10 :  miss
2024/04/25 10:27:52 b10 :  hit
2024/04/25 10:27:56 c10 :  sunk
2024/04/25 10:27:58 d10 :  miss
2024/04/25 10:28:01 e10 :  miss
2024/04/25 10:28:03 f10 :  miss
2024/04/25 10:28:04 g10 :  miss
2024/04/25 10:28:05 h10 :  miss
2024/04/25 10:28:06 i10 :  hit
2024/04/25 10:28:07 j10 :  miss
2024/04/25 10:28:10 i9 :  sunk
2024/04/25 10:28:13 i8 :  miss
2024/04/25 10:28:20 d4 :  miss
2024/04/25 10:28:23 g7 :  hit
2024/04/25 10:28:26 g6 :  miss
2024/04/25 10:28:32 g8 :  miss
2024/04/25 10:28:35 h7 :  sunk
2024/04/25 10:28:40 d7 :  hit
2024/04/25 10:28:43 c7 :  miss
2024/04/25 10:28:47 d6 :  miss
2024/04/25 10:28:50 d8 :  hit
2024/04/25 10:28:53 d9 :  miss
2024/04/25 10:28:57 c8 :  miss
2024/04/25 10:29:01 e8 :  miss
2024/04/25 10:29:03 e9 :  miss
2024/04/25 10:29:05 e7 :  sunk
2024/04/25 10:29:13 c5 :  miss
2024/04/25 10:29:16 a4 :  miss
2024/04/25 10:29:19 j3 :  miss
2024/04/25 10:29:21 g3 :  miss
2024/04/25 10:29:24 h4 :  miss
2024/04/25 10:29:27 i5 :  sunk
2024/04/25 10:29:31 f5 :  hit
2024/04/25 10:29:33 g6 :  miss
2024/04/25 10:29:36 g5 :  hit
2024/04/25 10:29:41 e5 :  hit
2024/04/25 10:29:44 d5 :  sunk
2024/04/25 10:29:48 c2 :  miss
2024/04/25 10:29:51 b2 :  miss
2024/04/25 10:29:54 e2 :  miss
2024/04/25 10:29:59 c3 :  miss
2024/04/25 10:30:02 b3 :  miss
2024/04/25 10:30:06 b8 :  miss
2024/04/25 10:30:08 b5 :  miss
2024/04/25 10:30:10 b6 :  miss
2024/04/25 10:30:13 a7 :  hit
2024/04/25 10:30:15 a6 :  miss
2024/04/25 10:30:19 a8 :  hit
2024/04/25 10:30:21 a9 :  miss
2024/04/25 10:30:25 b7 :  sunk
2024/04/25 10:30:31 f3 :  miss
2024/04/25 10:30:34 d3 :  miss
2024/04/25 10:30:37 h1 :  miss
2024/04/25 10:30:41 problem firing:  400
2024/04/25 10:30:41 d1 :  
2024/04/25 10:30:41 wrong coords?
2024/04/25 10:30:43 problem firing:  400
2024/04/25 10:30:43 d :  
2024/04/25 10:30:43 wrong coords?
2024/04/25 10:49:53 ~~~~~~~~New game~~~~~~~~
2024/04/25 10:49:55 a10 :  sunk
2024/04/25 10:50:13 ~~~~~~~~New game~~~~~~~~
2024/04/25 10:50:16 a10 :  miss
2024/04/25 10:50:21 b10 :  miss
2024/04/25 10:50:23 c10 :  miss
2024/04/25 10:50:25 d10 :  miss
2024/04/25 10:50:27 e10 :  miss
2024/04/25 10:50:28 f10 :  sunk
2024/04/25 10:50:30 g10 :  miss
2024/04/25 10:50:34 h10 :  miss
2024/04/25 10:50:38 i10 :  miss
2024/04/25 10:50:39 j10 :  miss
2024/04/25 10:50:43 a9 :  sunk
2024/04/25 10:50:46 a8 :  miss
2024/04/25 10:50:47 a7 :  miss
2024/04/25 10:50:49 a6 :  miss
2024/04/25 10:50:51 a5 :  sunk
2024/04/25 10:50:52 a4 :  miss
2024/04/25 10:50:53 a3 :  hit
2024/04/25 10:50:54 a2 :  miss
2024/04/25 10:50:55 a1 :  miss
2024/04/25 10:50:57 b3 :  hit
2024/04/25 10:50:59 c3 :  miss
2024/04/25 10:51:04 b2 :  sunk
2024/04/25 10:51:07 c1 :  miss
2024/04/25 10:51:09 d1 :  miss
2024/04/25 10:51:11 e1 :  miss
2024/04/25 10:51:14 f1 :  miss
2024/04/25 10:51:15 g1 :  hit
2024/04/25 10:51:16 h1 :  miss
2024/04/25 10:51:18 g2 :  hit
2024/04/25 10:51:20 g3 :  miss
2024/04/25 10:51:23 f2 :  sunk
2024/04/25 10:51:28 d2 :  hit
2024/04/25 10:51:32 d3 :  sunk
2024/04/25 10:51:35 i1 :  miss
2024/04/25 10:51:36 j1 :  miss
2024/04/25 10:51:38 j2 :  miss
2024/04/25 10:51:39 problem firing:  400
2024/04/25 10:51:39 j3 :  
2024/04/25 10:51:39 wrong coords?
2024/04/25 10:51:41 j3 :  miss
2024/04/25 10:51:49 j4 :  hit
2024/04/25 10:51:53 j5 :  miss
2024/04/25 10:51:59 i4 :  sunk
2024/04/25 10:53:54 ~~~~~~~~New game~~~~~~~~
2024/04/25 10:53:56 a1 :  miss
2024/04/25 10:53:58 a2 :  sunk
2024/04/25 10:53:59 a3 :  miss
2024/04/25 10:54:00 problem firing:  400
2024/04/25 10:54:00 a4 :  
2024/04/25 10:54:00 wrong coords?
2024/04/25 10:54:02 a4 :  hit
2024/04/25 10:54:03 a5 :  sunk
2024/04/25 10:54:07 a7 :  miss
2024/04/25 10:54:09 a8 :  miss
2024/04/25 10:54:10 a9 :  miss
2024/04/25 10:54:11 a10 :  miss
2024/04/25 10:54:14 b10 :  miss
2024/04/25 10:54:16 problem firing:  400
2024/04/25 10:54:16 b11 :  
2024/04/25 10:54:16 wrong coords?
2024/04/25 10:54:18 c10 :  miss
2024/04/25 10:54:21 d10 :  miss
2024/04/25 10:54:22 e10 :  miss
2024/04/25 10:54:23 f10 :  miss
2024/04/25 10:54:24 g10 :  miss
2024/04/25 10:54:27 h10 :  miss
2024/04/25 10:54:28 i10 :  miss
2024/04/25 10:54:29 j10 :  sunk
2024/04/25 10:54:33 j8 :  miss
2024/04/25 10:54:35 j7 :  hit
2024/04/25 10:54:36 j6 :  hit
2024/04/25 10:54:38 j5 :  hit
2024/04/25 10:54:39 j4 :  miss
2024/04/25 10:54:44 j3 :  miss
2024/04/25 10:54:45 j2 :  hit
2024/04/25 10:54:46 j1 :  hit
2024/04/25 10:54:48 i1 :  sunk
2024/04/25 10:54:53 i6 :  sunk
2024/04/25 10:54:57 g1 :  sunk
2024/04/25 10:55:00 e1 :  miss
2024/04/25 10:55:02 d1 :  miss
2024/04/25 10:55:04 c1 :  miss
2024/04/25 10:55:05 b1 :  miss
2024/04/25 10:55:11 c2 :  miss
2024/04/25 10:55:13 d2 :  miss
2024/04/25 10:55:14 e2 :  miss
2024/04/25 10:55:29 h3 :  hit
2024/04/25 10:55:36 h4 :  sunk
2024/04/25 10:55:44 f3 :  miss
2024/04/25 10:55:48 e3 :  miss
2024/04/25 10:55:50 d3 :  miss
2024/04/25 10:55:52 problem firing:  400
2024/04/25 10:55:52 c3 :  
2024/04/25 10:55:52 wrong coords?
2024/04/25 10:55:53 c3 :  miss
2024/04/25 10:55:58 c4 :  miss
2024/04/25 10:56:01 d4 :  miss
2024/04/25 10:56:04 e4 :  miss
2024/04/25 10:56:06 f4 :  miss
2024/04/25 10:56:13 f5 :  miss
2024/04/25 10:56:15 e5 :  hit
2024/04/25 10:56:19 d5 :  hit
2024/04/25 10:56:21 c5 :  sunk
2024/04/25 10:56:32 b7 :  miss
2024/04/25 10:56:36 c7 :  miss
2024/04/25 10:56:38 d7 :  miss
2024/04/25 10:56:40 e7 :  sunk
2024/04/25 10:56:44 g7 :  miss
2024/04/25 10:56:54 b8 :  miss
2024/04/25 10:56:57 c8 :  miss
2024/04/25 10:57:07 g8 :  miss
2024/04/25 10:57:13 h8 :  hit
2024/04/25 10:57:19 h9 :  sunk
2024/04/25 10:57:23 problem firing:  400
2024/04/25 10:57:23 a9 :  
2024/04/25 10:57:23 wrong coords?
2024/04/25 10:57:25 problem firing:  400
2024/04/25 10:57:25 a9 :  
2024/04/25 10:57:25 wrong coords?
2024/04/25 11:02:20 ~~~~~~~~New game~~~~~~~~
2024/04/25 11:02:22 problem firing:  400
2024/04/25 11:02:22 a10 :  
2024/04/25 11:02:22 wrong coords?
2024/04/25 11:02:28 a10 :  miss
2024/04/25 11:02:31 a9 :  miss
2024/04/25 11:02:33 a8 :  miss
2024/04/25 11:02:34 a7 :  miss
2024/04/25 11:02:35 a6 :  miss
2024/04/25 11:02:36 a5 :  miss
2024/04/25 11:02:37 a4 :  miss
2024/04/25 11:02:38 a3 :  sunk
2024/04/25 11:02:40 a1 :  sunk
2024/04/25 11:02:43 c1 :  sunk
2024/04/25 11:02:48 e1 :  miss
2024/04/25 11:02:49 f1 :  miss
2024/04/25 11:02:50 g1 :  miss
2024/04/25 11:02:51 h1 :  miss
2024/04/25 11:02:52 problem firing:  400
2024/04/25 11:02:52 i1 :  
2024/04/25 11:02:52 wrong coords?
2024/04/25 11:02:56 i1 :  hit
2024/04/25 11:02:58 j1 :  miss
2024/04/25 11:03:00 i2 :  hit
2024/04/25 11:03:01 i3 :  hit
2024/04/25 11:03:03 i4 :  miss
2024/04/25 11:03:05 j2 :  sunk
2024/04/25 11:03:11 j5 :  sunk
2024/04/25 11:03:15 j7 :  miss
2024/04/25 11:03:16 j8 :  miss
2024/04/25 11:03:18 j9 :  hit
2024/04/25 11:03:20 j10 :  miss
2024/04/25 11:03:24 i9 :  hit
2024/04/25 11:03:28 h9 :  miss
2024/04/25 11:03:38 i10 :  sunk
2024/04/25 11:03:45 g10 :  miss
2024/04/25 11:03:48 f10 :  hit
2024/04/25 11:03:49 e10 :  miss
2024/04/25 11:03:52 f9 :  sunk
2024/04/25 11:03:55 d10 :  miss
2024/04/25 11:03:57 c10 :  miss
2024/04/25 11:04:00 b10 :  miss
2024/04/25 11:04:04 b9 :  miss
2024/04/25 11:04:08 c9 :  miss
2024/04/25 11:04:12 d9 :  miss
2024/04/25 11:04:20 a8 :  miss
2024/04/25 11:04:24 a8 :  miss
2024/04/25 11:04:26 a8 :  miss
2024/04/25 11:04:27 a8 :  miss
2024/04/25 11:04:30 problem firing:  400
2024/04/25 11:04:30 bu :  
2024/04/25 11:04:30 wrong coords?
2024/04/25 11:04:32 b8 :  miss
2024/04/25 11:04:34 c8 :  miss
2024/04/25 11:04:36 d8 :  miss
2024/04/25 11:04:43 h8 :  miss
2024/04/25 11:05:00 b7 :  miss
2024/04/25 11:05:01 problem firing:  400
2024/04/25 11:05:01 b :  
2024/04/25 11:05:01 wrong coords?
2024/04/25 11:05:03 problem firing:  400
2024/04/25 11:05:03 6b5 :  
2024/04/25 11:05:03 wrong coords?
2024/04/25 11:05:08 b5 :  miss
2024/04/25 11:05:15 c7 :  miss
2024/04/25 11:05:18 d7 :  miss
2024/04/25 11:05:20 e7 :  miss
2024/04/25 11:05:22 f7 :  miss
2024/04/25 11:05:25 g7 :  hit
2024/04/25 11:05:27 h7 :  hit
2024/04/25 11:05:29 i7 :  miss
2024/04/25 11:05:34 g6 :  sunk
2024/04/25 11:05:41 b6 :  miss
2024/04/25 11:05:46 c6 :  miss
2024/04/25 11:05:47 c7 :  miss
2024/04/25 11:05:54 e6 :  hit
2024/04/25 11:06:01 d6 :  sunk
2024/04/25 11:06:14 c4 :  miss
2024/04/25 11:06:19 d4 :  miss
2024/04/25 11:06:21 e4 :  hit
2024/04/25 11:06:24 f4 :  sunk
